<?xml version="1.0" encoding="utf-8"?><testsuites name="pytest tests"><testsuite name="pytest" errors="0" failures="0" skipped="0" tests="30" time="45.073" timestamp="2026-04-25T08:51:13.456343+00:00" hostname="agent-env-a594d179-b2dc-47d4-9ecc-401e3b82db97"><testcase classname="backend.tests.backend_test" name="test_health" time="0.123" /><testcase classname="backend.tests.backend_test" name="test_admin_dev_login_role" time="0.772" /><testcase classname="backend.tests.backend_test" name="test_user_me_admin" time="0.384" /><testcase classname="backend.tests.backend_test" name="test_user_me_unauthenticated_401" time="0.099" /><testcase classname="backend.tests.backend_test" name="test_volunteer_dev_login_sets_role" time="2.246" /><testcase classname="backend.tests.backend_test" name="test_ngo_dev_login_sets_role" time="2.216" /><testcase classname="backend.tests.backend_test" name="test_user_role_set_volunteer" time="0.935" /><testcase classname="backend.tests.backend_test" name="test_volunteer_profile_upsert_and_get" time="1.701" /><testcase classname="backend.tests.backend_test" name="test_volunteer_stats" time="1.223" /><testcase classname="backend.tests.backend_test" name="test_ngo_profile_created_unapproved" time="0.957" /><testcase classname="backend.tests.backend_test" name="test_ngo_get_me" time="0.688" /><testcase classname="backend.tests.backend_test" name="test_admin_approve_ngo" time="1.606" /><testcase classname="backend.tests.backend_test" name="test_admin_endpoint_requires_admin" time="0.383" /><testcase classname="backend.tests.backend_test" name="test_cause_created_with_ai_summary" time="4.884" /><testcase classname="backend.tests.backend_test" name="test_list_open_causes" time="0.419" /><testcase classname="backend.tests.backend_test" name="test_cause_detail" time="0.389" /><testcase classname="backend.tests.backend_test" name="test_enrollment_created" time="2.684" /><testcase classname="backend.tests.backend_test" name="test_enrollments_me" time="0.955" /><testcase classname="backend.tests.backend_test" name="test_log_hours_bumps_impact" time="4.563" /><testcase classname="backend.tests.backend_test" name="test_volunteer_matches_gemini" time="5.823" /><testcase classname="backend.tests.backend_test" name="test_field_report_ai_analysis" time="3.280" /><testcase classname="backend.tests.backend_test" name="test_auri_chat_multi_turn" time="5.523" /><testcase classname="backend.tests.backend_test" name="test_admin_overview" time="2.108" /><testcase classname="backend.tests.backend_test" name="test_volunteer_leaderboard" time="0.381" /><testcase classname="backend.tests.backend_test" name="test_protected_endpoints_require_auth[/volunteer/me]" time="0.104" /><testcase classname="backend.tests.backend_test" name="test_protected_endpoints_require_auth[/ngo/me]" time="0.100" /><testcase classname="backend.tests.backend_test" name="test_protected_endpoints_require_auth[/enrollments/me]" time="0.104" /><testcase classname="backend.tests.backend_test" name="test_protected_endpoints_require_auth[/admin/overview]" time="0.135" /><testcase classname="backend.tests.backend_test" name="test_protected_endpoints_require_auth[/user/me]" time="0.101" /><testcase classname="backend.tests.backend_test" name="test_protected_endpoints_require_auth[/volunteer/stats]" time="0.111" /></testsuite></testsuites>